<?xml version="1.0" encoding="UTF-8"?>
<!-- Generated by org.testng.reporters.JUnitReportReporter -->
<testsuite hostname="RAYAN" failures="0" tests="2" name="testRunner.runnerClass" time="17.130" errors="0" timestamp="2023-09-15T18:57:47 EDT" skipped="0">
  <testcase classname="testRunner.runnerClass" name="feature" time="7.373"/>
  <testcase classname="testRunner.runnerClass" name="feature" time="9.757"/>
</testsuite> <!-- testRunner.runnerClass -->
